This file contains any messages produced by compilers while
running configure, to aid debugging if configure makes a mistake.

It was created by cgicc configure 3.2.9, which was
generated by GNU Autoconf 2.64.  Invocation command line was

  $ ./configure --prefix=/c/Users/Admin/Documents/Docker/web/cgicc-3.2.9/ben

## --------- ##
## Platform. ##
## --------- ##

hostname = 1d8904a7ea31
uname -m = x86_64
uname -r = 4.9.60-linuxkit-aufs
uname -s = Linux
uname -v = #1 SMP Mon Nov 6 16:00:12 UTC 2017

/usr/bin/uname -p = x86_64
/bin/uname -X     = unknown

/bin/arch              = x86_64
/usr/bin/arch -k       = unknown
/usr/convex/getsysinfo = unknown
/usr/bin/hostinfo      = unknown
/bin/machine           = unknown
/usr/bin/oslevel       = unknown
/bin/universe          = unknown

PATH: /ToolAnalysis/ToolDAQ/root/bin
PATH: /usr/sue/sbin
PATH: /usr/sue/bin
PATH: /usr/local/sbin
PATH: /usr/local/bin
PATH: /usr/sbin
PATH: /usr/bin
PATH: /sbin
PATH: /bin


## ----------- ##
## Core tests. ##
## ----------- ##

configure:2558: checking for a BSD-compatible install
configure:2626: result: /usr/bin/install -c
configure:2637: checking whether build environment is sane
configure:2687: result: yes
configure:2828: checking for a thread-safe mkdir -p
configure:2867: result: /usr/bin/mkdir -p
configure:2880: checking for gawk
configure:2896: found /usr/bin/gawk
configure:2907: result: gawk
configure:2918: checking whether make sets $(MAKE)
configure:2940: result: yes
configure:3089: checking for g++
configure:3105: found /usr/bin/g++
configure:3116: result: g++
configure:3143: checking for C++ compiler version
configure:3152: g++ --version >&5
g++ (GCC) 4.8.5 20150623 (Red Hat 4.8.5-16)
Copyright (C) 2015 Free Software Foundation, Inc.
This is free software; see the source for copying conditions.  There is NO
warranty; not even for MERCHANTABILITY or FITNESS FOR A PARTICULAR PURPOSE.

configure:3163: $? = 0
configure:3152: g++ -v >&5
Using built-in specs.
COLLECT_GCC=g++
COLLECT_LTO_WRAPPER=/usr/libexec/gcc/x86_64-redhat-linux/4.8.5/lto-wrapper
Target: x86_64-redhat-linux
Configured with: ../configure --prefix=/usr --mandir=/usr/share/man --infodir=/usr/share/info --with-bugurl=http://bugzilla.redhat.com/bugzilla --enable-bootstrap --enable-shared --enable-threads=posix --enable-checking=release --with-system-zlib --enable-__cxa_atexit --disable-libunwind-exceptions --enable-gnu-unique-object --enable-linker-build-id --with-linker-hash-style=gnu --enable-languages=c,c++,objc,obj-c++,java,fortran,ada,go,lto --enable-plugin --enable-initfini-array --disable-libgcj --with-isl=/builddir/build/BUILD/gcc-4.8.5-20150702/obj-x86_64-redhat-linux/isl-install --with-cloog=/builddir/build/BUILD/gcc-4.8.5-20150702/obj-x86_64-redhat-linux/cloog-install --enable-gnu-indirect-function --with-tune=generic --with-arch_32=x86-64 --build=x86_64-redhat-linux
Thread model: posix
gcc version 4.8.5 20150623 (Red Hat 4.8.5-16) (GCC) 
configure:3163: $? = 0
configure:3152: g++ -V >&5
g++: error: unrecognized command line option '-V'
g++: fatal error: no input files
compilation terminated.
configure:3163: $? = 4
configure:3152: g++ -qversion >&5
g++: error: unrecognized command line option '-qversion'
g++: fatal error: no input files
compilation terminated.
configure:3163: $? = 4
configure:3185: checking for C++ compiler default output file name
configure:3207: g++    conftest.cpp  >&5
configure:3211: $? = 0
configure:3248: result: a.out
configure:3264: checking whether the C++ compiler works
configure:3273: ./a.out
configure:3277: $? = 0
configure:3292: result: yes
configure:3299: checking whether we are cross compiling
configure:3301: result: no
configure:3304: checking for suffix of executables
configure:3311: g++ -o conftest    conftest.cpp  >&5
configure:3315: $? = 0
configure:3337: result: 
configure:3343: checking for suffix of object files
configure:3365: g++ -c   conftest.cpp >&5
configure:3369: $? = 0
configure:3390: result: o
configure:3394: checking whether we are using the GNU C++ compiler
configure:3413: g++ -c   conftest.cpp >&5
configure:3413: $? = 0
configure:3422: result: yes
configure:3431: checking whether g++ accepts -g
configure:3451: g++ -c -g  conftest.cpp >&5
configure:3451: $? = 0
configure:3492: result: yes
configure:3526: checking for style of include used by make
configure:3554: result: GNU
configure:3579: checking dependency style of g++
configure:3689: result: gcc3
configure:3734: checking build system type
configure:3748: result: x86_64-unknown-linux-gnu
configure:3768: checking host system type
configure:3781: result: x86_64-unknown-linux-gnu
configure:3849: checking for gcc
configure:3865: found /usr/bin/gcc
configure:3876: result: gcc
configure:4105: checking for C compiler version
configure:4114: gcc --version >&5
gcc (GCC) 4.8.5 20150623 (Red Hat 4.8.5-16)
Copyright (C) 2015 Free Software Foundation, Inc.
This is free software; see the source for copying conditions.  There is NO
warranty; not even for MERCHANTABILITY or FITNESS FOR A PARTICULAR PURPOSE.

configure:4125: $? = 0
configure:4114: gcc -v >&5
Using built-in specs.
COLLECT_GCC=gcc
COLLECT_LTO_WRAPPER=/usr/libexec/gcc/x86_64-redhat-linux/4.8.5/lto-wrapper
Target: x86_64-redhat-linux
Configured with: ../configure --prefix=/usr --mandir=/usr/share/man --infodir=/usr/share/info --with-bugurl=http://bugzilla.redhat.com/bugzilla --enable-bootstrap --enable-shared --enable-threads=posix --enable-checking=release --with-system-zlib --enable-__cxa_atexit --disable-libunwind-exceptions --enable-gnu-unique-object --enable-linker-build-id --with-linker-hash-style=gnu --enable-languages=c,c++,objc,obj-c++,java,fortran,ada,go,lto --enable-plugin --enable-initfini-array --disable-libgcj --with-isl=/builddir/build/BUILD/gcc-4.8.5-20150702/obj-x86_64-redhat-linux/isl-install --with-cloog=/builddir/build/BUILD/gcc-4.8.5-20150702/obj-x86_64-redhat-linux/cloog-install --enable-gnu-indirect-function --with-tune=generic --with-arch_32=x86-64 --build=x86_64-redhat-linux
Thread model: posix
gcc version 4.8.5 20150623 (Red Hat 4.8.5-16) (GCC) 
configure:4125: $? = 0
configure:4114: gcc -V >&5
gcc: error: unrecognized command line option '-V'
gcc: fatal error: no input files
compilation terminated.
configure:4125: $? = 4
configure:4114: gcc -qversion >&5
gcc: error: unrecognized command line option '-qversion'
gcc: fatal error: no input files
compilation terminated.
configure:4125: $? = 4
configure:4129: checking whether we are using the GNU C compiler
configure:4148: gcc -c   conftest.c >&5
configure:4148: $? = 0
configure:4157: result: yes
configure:4166: checking whether gcc accepts -g
configure:4186: gcc -c -g  conftest.c >&5
configure:4186: $? = 0
configure:4227: result: yes
configure:4244: checking for gcc option to accept ISO C89
configure:4308: gcc  -c -g -O2  conftest.c >&5
configure:4308: $? = 0
configure:4321: result: none needed
configure:4343: checking dependency style of gcc
configure:4453: result: gcc3
configure:4468: checking for a sed that does not truncate output
configure:4532: result: /usr/bin/sed
configure:4550: checking for grep that handles long lines and -e
configure:4608: result: /usr/bin/grep
configure:4613: checking for egrep
configure:4675: result: /usr/bin/grep -E
configure:4680: checking for fgrep
configure:4742: result: /usr/bin/grep -F
configure:4777: checking for ld used by gcc
configure:4844: result: /usr/bin/ld
configure:4851: checking if the linker (/usr/bin/ld) is GNU ld
configure:4866: result: yes
configure:4878: checking for BSD- or MS-compatible name lister (nm)
configure:4927: result: /usr/bin/nm -B
configure:5045: checking the name lister (/usr/bin/nm -B) interface
configure:5052: g++ -c -g -O2  conftest.cpp >&5
configure:5055: /usr/bin/nm -B "conftest.o"
configure:5058: output
0000000000000000 B some_variable
configure:5065: result: BSD nm
configure:5068: checking whether ln -s works
configure:5072: result: yes
configure:5080: checking the maximum length of command line arguments
configure:5200: result: 1572864
configure:5217: checking whether the shell understands some XSI constructs
configure:5227: result: yes
configure:5231: checking whether the shell understands "+="
configure:5237: result: yes
configure:5272: checking for /usr/bin/ld option to reload object files
configure:5279: result: -r
configure:5348: checking for objdump
configure:5364: found /usr/bin/objdump
configure:5375: result: objdump
configure:5407: checking how to recognize dependent libraries
configure:5603: result: pass_all
configure:5663: checking for ar
configure:5679: found /usr/bin/ar
configure:5690: result: ar
configure:5768: checking for strip
configure:5784: found /usr/bin/strip
configure:5795: result: strip
configure:5867: checking for ranlib
configure:5883: found /usr/bin/ranlib
configure:5894: result: ranlib
configure:5984: checking command to parse /usr/bin/nm -B output from gcc object
configure:6102: g++ -c -g -O2  conftest.cpp >&5
configure:6105: $? = 0
configure:6109: /usr/bin/nm -B conftest.o \| sed -n -e 's/^.*[	 ]\([ABCDGIRSTW][ABCDGIRSTW]*\)[	 ][	 ]*\([_A-Za-z][_A-Za-z0-9]*\)$/\1 \2 \2/p' \> conftest.nm
configure:6112: $? = 0
configure:6166: g++ -o conftest -g -O2   conftest.cpp conftstm.o >&5
configure:6169: $? = 0
configure:6207: result: ok
configure:6303: g++ -c -g -O2  conftest.cpp >&5
configure:6306: $? = 0
configure:7016: checking how to run the C preprocessor
configure:7047: gcc -E  conftest.c
configure:7047: $? = 0
configure:7061: gcc -E  conftest.c
conftest.c:11:28: fatal error: ac_nonexistent.h: No such file or directory
 #include <ac_nonexistent.h>
                            ^
compilation terminated.
configure:7061: $? = 1
configure: failed program was:
| /* confdefs.h */
| #define PACKAGE_NAME "cgicc"
| #define PACKAGE_TARNAME "cgicc"
| #define PACKAGE_VERSION "3.2.9"
| #define PACKAGE_STRING "cgicc 3.2.9"
| #define PACKAGE_BUGREPORT "bug-cgicc@gnu.org"
| #define PACKAGE_URL ""
| #define PACKAGE "cgicc"
| #define VERSION "3.2.9"
| /* end confdefs.h.  */
| #include <ac_nonexistent.h>
configure:7086: result: gcc -E
configure:7106: gcc -E  conftest.c
configure:7106: $? = 0
configure:7120: gcc -E  conftest.c
conftest.c:11:28: fatal error: ac_nonexistent.h: No such file or directory
 #include <ac_nonexistent.h>
                            ^
compilation terminated.
configure:7120: $? = 1
configure: failed program was:
| /* confdefs.h */
| #define PACKAGE_NAME "cgicc"
| #define PACKAGE_TARNAME "cgicc"
| #define PACKAGE_VERSION "3.2.9"
| #define PACKAGE_STRING "cgicc 3.2.9"
| #define PACKAGE_BUGREPORT "bug-cgicc@gnu.org"
| #define PACKAGE_URL ""
| #define PACKAGE "cgicc"
| #define VERSION "3.2.9"
| /* end confdefs.h.  */
| #include <ac_nonexistent.h>
configure:7149: checking for ANSI C header files
configure:7169: gcc -c -g -O2  conftest.c >&5
configure:7169: $? = 0
configure:7242: gcc -o conftest -g -O2   conftest.c  >&5
configure:7242: $? = 0
configure:7242: ./conftest
configure:7242: $? = 0
configure:7253: result: yes
configure:7266: checking for sys/types.h
configure:7266: gcc -c -g -O2  conftest.c >&5
configure:7266: $? = 0
configure:7266: result: yes
configure:7266: checking for sys/stat.h
configure:7266: gcc -c -g -O2  conftest.c >&5
configure:7266: $? = 0
configure:7266: result: yes
configure:7266: checking for stdlib.h
configure:7266: gcc -c -g -O2  conftest.c >&5
configure:7266: $? = 0
configure:7266: result: yes
configure:7266: checking for string.h
configure:7266: gcc -c -g -O2  conftest.c >&5
configure:7266: $? = 0
configure:7266: result: yes
configure:7266: checking for memory.h
configure:7266: gcc -c -g -O2  conftest.c >&5
configure:7266: $? = 0
configure:7266: result: yes
configure:7266: checking for strings.h
configure:7266: gcc -c -g -O2  conftest.c >&5
configure:7266: $? = 0
configure:7266: result: yes
configure:7266: checking for inttypes.h
configure:7266: gcc -c -g -O2  conftest.c >&5
configure:7266: $? = 0
configure:7266: result: yes
configure:7266: checking for stdint.h
configure:7266: gcc -c -g -O2  conftest.c >&5
configure:7266: $? = 0
configure:7266: result: yes
configure:7266: checking for unistd.h
configure:7266: gcc -c -g -O2  conftest.c >&5
configure:7266: $? = 0
configure:7266: result: yes
configure:7281: checking for dlfcn.h
configure:7281: gcc -c -g -O2  conftest.c >&5
configure:7281: $? = 0
configure:7281: result: yes
configure:7406: checking for C++ compiler version
configure:7415: g++ --version >&5
g++ (GCC) 4.8.5 20150623 (Red Hat 4.8.5-16)
Copyright (C) 2015 Free Software Foundation, Inc.
This is free software; see the source for copying conditions.  There is NO
warranty; not even for MERCHANTABILITY or FITNESS FOR A PARTICULAR PURPOSE.

configure:7426: $? = 0
configure:7415: g++ -v >&5
Using built-in specs.
COLLECT_GCC=g++
COLLECT_LTO_WRAPPER=/usr/libexec/gcc/x86_64-redhat-linux/4.8.5/lto-wrapper
Target: x86_64-redhat-linux
Configured with: ../configure --prefix=/usr --mandir=/usr/share/man --infodir=/usr/share/info --with-bugurl=http://bugzilla.redhat.com/bugzilla --enable-bootstrap --enable-shared --enable-threads=posix --enable-checking=release --with-system-zlib --enable-__cxa_atexit --disable-libunwind-exceptions --enable-gnu-unique-object --enable-linker-build-id --with-linker-hash-style=gnu --enable-languages=c,c++,objc,obj-c++,java,fortran,ada,go,lto --enable-plugin --enable-initfini-array --disable-libgcj --with-isl=/builddir/build/BUILD/gcc-4.8.5-20150702/obj-x86_64-redhat-linux/isl-install --with-cloog=/builddir/build/BUILD/gcc-4.8.5-20150702/obj-x86_64-redhat-linux/cloog-install --enable-gnu-indirect-function --with-tune=generic --with-arch_32=x86-64 --build=x86_64-redhat-linux
Thread model: posix
gcc version 4.8.5 20150623 (Red Hat 4.8.5-16) (GCC) 
configure:7426: $? = 0
configure:7415: g++ -V >&5
g++: error: unrecognized command line option '-V'
g++: fatal error: no input files
compilation terminated.
configure:7426: $? = 4
configure:7415: g++ -qversion >&5
g++: error: unrecognized command line option '-qversion'
g++: fatal error: no input files
compilation terminated.
configure:7426: $? = 4
configure:7430: checking whether we are using the GNU C++ compiler
configure:7458: result: yes
configure:7467: checking whether g++ accepts -g
configure:7528: result: yes
configure:7553: checking dependency style of g++
configure:7663: result: gcc3
configure:7686: checking how to run the C++ preprocessor
configure:7713: g++ -E  conftest.cpp
configure:7713: $? = 0
configure:7727: g++ -E  conftest.cpp
conftest.cpp:22:28: fatal error: ac_nonexistent.h: No such file or directory
 #include <ac_nonexistent.h>
                            ^
compilation terminated.
configure:7727: $? = 1
configure: failed program was:
| /* confdefs.h */
| #define PACKAGE_NAME "cgicc"
| #define PACKAGE_TARNAME "cgicc"
| #define PACKAGE_VERSION "3.2.9"
| #define PACKAGE_STRING "cgicc 3.2.9"
| #define PACKAGE_BUGREPORT "bug-cgicc@gnu.org"
| #define PACKAGE_URL ""
| #define PACKAGE "cgicc"
| #define VERSION "3.2.9"
| #define STDC_HEADERS 1
| #define HAVE_SYS_TYPES_H 1
| #define HAVE_SYS_STAT_H 1
| #define HAVE_STDLIB_H 1
| #define HAVE_STRING_H 1
| #define HAVE_MEMORY_H 1
| #define HAVE_STRINGS_H 1
| #define HAVE_INTTYPES_H 1
| #define HAVE_STDINT_H 1
| #define HAVE_UNISTD_H 1
| #define HAVE_DLFCN_H 1
| /* end confdefs.h.  */
| #include <ac_nonexistent.h>
configure:7752: result: g++ -E
configure:7772: g++ -E  conftest.cpp
configure:7772: $? = 0
configure:7786: g++ -E  conftest.cpp
conftest.cpp:22:28: fatal error: ac_nonexistent.h: No such file or directory
 #include <ac_nonexistent.h>
                            ^
compilation terminated.
configure:7786: $? = 1
configure: failed program was:
| /* confdefs.h */
| #define PACKAGE_NAME "cgicc"
| #define PACKAGE_TARNAME "cgicc"
| #define PACKAGE_VERSION "3.2.9"
| #define PACKAGE_STRING "cgicc 3.2.9"
| #define PACKAGE_BUGREPORT "bug-cgicc@gnu.org"
| #define PACKAGE_URL ""
| #define PACKAGE "cgicc"
| #define VERSION "3.2.9"
| #define STDC_HEADERS 1
| #define HAVE_SYS_TYPES_H 1
| #define HAVE_SYS_STAT_H 1
| #define HAVE_STDLIB_H 1
| #define HAVE_STRING_H 1
| #define HAVE_MEMORY_H 1
| #define HAVE_STRINGS_H 1
| #define HAVE_INTTYPES_H 1
| #define HAVE_STDINT_H 1
| #define HAVE_UNISTD_H 1
| #define HAVE_DLFCN_H 1
| /* end confdefs.h.  */
| #include <ac_nonexistent.h>
configure:7992: checking for objdir
configure:8007: result: .libs
configure:8299: checking if gcc supports -fno-rtti -fno-exceptions
configure:8317: gcc -c -g -O2  -fno-rtti -fno-exceptions conftest.c >&5
cc1: warning: command line option '-fno-rtti' is valid for C++/ObjC++ but not for C [enabled by default]
configure:8321: $? = 0
configure:8334: result: no
configure:8354: checking for gcc option to produce PIC
configure:8626: result: -fPIC -DPIC
configure:8638: checking if gcc PIC flag -fPIC -DPIC works
configure:8656: gcc -c -g -O2  -fPIC -DPIC -DPIC conftest.c >&5
configure:8660: $? = 0
configure:8673: result: yes
configure:8697: checking if gcc static flag -static works
configure:8725: result: no
configure:8740: checking if gcc supports -c -o file.o
configure:8761: gcc -c -g -O2  -o out/conftest2.o conftest.c >&5
configure:8765: $? = 0
configure:8787: result: yes
configure:8795: checking if gcc supports -c -o file.o
configure:8842: result: yes
configure:8875: checking whether the gcc linker (/usr/bin/ld -m elf_x86_64) supports shared libraries
configure:9865: result: yes
configure:9902: checking whether -lc should be explicitly linked in
configure:9907: gcc -c -g -O2  conftest.c >&5
configure:9910: $? = 0
configure:9925: gcc -shared conftest.o  -v -Wl,-soname -Wl,conftest -o conftest 2\>\&1 \| /usr/bin/grep  -lc  \>/dev/null 2\>\&1
configure:9928: $? = 0
configure:9940: result: no
configure:10104: checking dynamic linker characteristics
configure:10537: gcc -o conftest -g -O2   -Wl,-rpath -Wl,/foo conftest.c  >&5
configure:10537: $? = 0
configure:10767: result: GNU/Linux ld.so
configure:10869: checking how to hardcode library paths into programs
configure:10894: result: immediate
configure:11414: checking whether stripping libraries is possible
configure:11419: result: yes
configure:11454: checking if libtool supports shared libraries
configure:11456: result: yes
configure:11459: checking whether to build shared libraries
configure:11480: result: yes
configure:11483: checking whether to build static libraries
configure:11487: result: yes
configure:11637: checking for ld used by g++
configure:11704: result: /usr/bin/ld -m elf_x86_64
configure:11711: checking if the linker (/usr/bin/ld -m elf_x86_64) is GNU ld
configure:11726: result: yes
configure:11781: checking whether the g++ linker (/usr/bin/ld -m elf_x86_64) supports shared libraries
configure:12694: result: yes
configure:12722: g++ -c -g -O2  conftest.cpp >&5
configure:12725: $? = 0
configure:12907: checking for g++ option to produce PIC
configure:13224: result: -fPIC -DPIC
configure:13233: checking if g++ PIC flag -fPIC -DPIC works
configure:13251: g++ -c -g -O2  -fPIC -DPIC -DPIC conftest.cpp >&5
configure:13255: $? = 0
configure:13268: result: yes
configure:13289: checking if g++ static flag -static works
configure:13317: result: no
configure:13329: checking if g++ supports -c -o file.o
configure:13350: g++ -c -g -O2  -o out/conftest2.o conftest.cpp >&5
configure:13354: $? = 0
configure:13376: result: yes
configure:13381: checking if g++ supports -c -o file.o
configure:13428: result: yes
configure:13458: checking whether the g++ linker (/usr/bin/ld -m elf_x86_64) supports shared libraries
configure:13487: result: yes
configure:13624: checking dynamic linker characteristics
configure:14005: g++ -o conftest -g -O2   -Wl,-rpath -Wl,/foo conftest.cpp  >&5
configure:14005: $? = 0
configure:14235: result: GNU/Linux ld.so
configure:14286: checking how to hardcode library paths into programs
configure:14311: result: immediate
configure:14371: checking for doxygen
configure:14399: result: /bin/echo
configure:14413: checking for gethostbyaddr in -lnsl
configure:14438: g++ -o conftest -g -O2   conftest.cpp -lnsl   >&5
configure:14438: $? = 0
configure:14447: result: yes
configure:14460: checking sys/time.h usability
configure:14460: g++ -c -g -O2  conftest.cpp >&5
configure:14460: $? = 0
configure:14460: result: yes
configure:14460: checking sys/time.h presence
configure:14460: g++ -E  conftest.cpp
configure:14460: $? = 0
configure:14460: result: yes
configure:14460: checking for sys/time.h
configure:14460: result: yes
configure:14460: checking sys/utsname.h usability
configure:14460: g++ -c -g -O2  conftest.cpp >&5
configure:14460: $? = 0
configure:14460: result: yes
configure:14460: checking sys/utsname.h presence
configure:14460: g++ -E  conftest.cpp
configure:14460: $? = 0
configure:14460: result: yes
configure:14460: checking for sys/utsname.h
configure:14460: result: yes
configure:14479: checking whether the C++ compiler (g++) is aCC
configure:14492: result: no
configure:14501: checking whether the compiler implements namespaces
configure:14524: g++ -c -g -O2  conftest.cpp >&5
configure:14524: $? = 0
configure:14538: result: yes
configure:14547: checking whether the compiler supports Standard Template Library
configure:14576: g++ -c -g -O2  conftest.cpp >&5
configure:14576: $? = 0
configure:14590: result: yes
configure:14599: checking maximum C++ compiler warning level
configure:14605: result: -Wall -W -pedantic
configure:14612: checking for gettimeofday
configure:14612: g++ -o conftest -Wall -W -pedantic -g -O2   conftest.cpp  >&5
configure:14612: $? = 0
configure:14612: result: yes
configure:14612: checking for uname
configure:14612: g++ -o conftest -Wall -W -pedantic -g -O2   conftest.cpp  >&5
configure:14612: $? = 0
configure:14612: result: yes
configure:14634: checking whether to build the cgicc demos
configure:14636: result: yes
configure:14663: checking whether to build the cgicc fcgi demos
configure:14665: result: no
configure:14864: creating ./config.status

## ---------------------- ##
## Running config.status. ##
## ---------------------- ##

This file was extended by cgicc config.status 3.2.9, which was
generated by GNU Autoconf 2.64.  Invocation command line was

  CONFIG_FILES    = 
  CONFIG_HEADERS  = 
  CONFIG_LINKS    = 
  CONFIG_COMMANDS = 
  $ ./config.status 

on 1d8904a7ea31

config.status:1143: creating demo/Makefile
config.status:1143: creating contrib/Makefile
config.status:1143: creating Makefile
config.status:1143: creating cgicc/Makefile
config.status:1143: creating cgicc/CgiDefs.h
config.status:1143: creating support/Makefile
config.status:1143: creating support/cgicc-config
config.status:1143: creating doc/Makefile
config.status:1143: creating doc/Doxyfile
config.status:1143: creating cgicc/config.h
config.status:1315: cgicc/config.h is unchanged
config.status:1363: executing depfiles commands
config.status:1363: executing libtool commands

## ---------------- ##
## Cache variables. ##
## ---------------- ##

ac_cv_build=x86_64-unknown-linux-gnu
ac_cv_c_compiler_gnu=yes
ac_cv_cxx_compiler_gnu=yes
ac_cv_cxx_have_stl=yes
ac_cv_cxx_namespaces=yes
ac_cv_env_CCC_set=
ac_cv_env_CCC_value=
ac_cv_env_CC_set=
ac_cv_env_CC_value=
ac_cv_env_CFLAGS_set=
ac_cv_env_CFLAGS_value=
ac_cv_env_CPPFLAGS_set=
ac_cv_env_CPPFLAGS_value=
ac_cv_env_CPP_set=
ac_cv_env_CPP_value=
ac_cv_env_CXXCPP_set=
ac_cv_env_CXXCPP_value=
ac_cv_env_CXXFLAGS_set=
ac_cv_env_CXXFLAGS_value=
ac_cv_env_CXX_set=
ac_cv_env_CXX_value=
ac_cv_env_LDFLAGS_set=
ac_cv_env_LDFLAGS_value=
ac_cv_env_LIBS_set=
ac_cv_env_LIBS_value=
ac_cv_env_build_alias_set=
ac_cv_env_build_alias_value=
ac_cv_env_host_alias_set=
ac_cv_env_host_alias_value=
ac_cv_env_target_alias_set=
ac_cv_env_target_alias_value=
ac_cv_func_gettimeofday=yes
ac_cv_func_uname=yes
ac_cv_header_dlfcn_h=yes
ac_cv_header_inttypes_h=yes
ac_cv_header_memory_h=yes
ac_cv_header_stdc=yes
ac_cv_header_stdint_h=yes
ac_cv_header_stdlib_h=yes
ac_cv_header_string_h=yes
ac_cv_header_strings_h=yes
ac_cv_header_sys_stat_h=yes
ac_cv_header_sys_time_h=yes
ac_cv_header_sys_types_h=yes
ac_cv_header_sys_utsname_h=yes
ac_cv_header_unistd_h=yes
ac_cv_host=x86_64-unknown-linux-gnu
ac_cv_lib_nsl_gethostbyaddr=yes
ac_cv_objext=o
ac_cv_path_EGREP='/usr/bin/grep -E'
ac_cv_path_FGREP='/usr/bin/grep -F'
ac_cv_path_GREP=/usr/bin/grep
ac_cv_path_SED=/usr/bin/sed
ac_cv_path_install='/usr/bin/install -c'
ac_cv_path_mkdir=/usr/bin/mkdir
ac_cv_prog_AWK=gawk
ac_cv_prog_CPP='gcc -E'
ac_cv_prog_CXXCPP='g++ -E'
ac_cv_prog_DOXYGEN=/bin/echo
ac_cv_prog_ac_ct_AR=ar
ac_cv_prog_ac_ct_CC=gcc
ac_cv_prog_ac_ct_CXX=g++
ac_cv_prog_ac_ct_OBJDUMP=objdump
ac_cv_prog_ac_ct_RANLIB=ranlib
ac_cv_prog_ac_ct_STRIP=strip
ac_cv_prog_cc_c89=
ac_cv_prog_cc_g=yes
ac_cv_prog_cxx_g=yes
ac_cv_prog_make_make_set=yes
am_cv_CC_dependencies_compiler_type=gcc3
am_cv_CXX_dependencies_compiler_type=gcc3
cgicc_cv_acc=no
lt_cv_deplibs_check_method=pass_all
lt_cv_file_magic_cmd='$MAGIC_CMD'
lt_cv_file_magic_test_file=
lt_cv_ld_reload_flag=-r
lt_cv_nm_interface='BSD nm'
lt_cv_objdir=.libs
lt_cv_path_LD=/usr/bin/ld
lt_cv_path_LDCXX='/usr/bin/ld -m elf_x86_64'
lt_cv_path_NM='/usr/bin/nm -B'
lt_cv_prog_compiler_c_o=yes
lt_cv_prog_compiler_c_o_CXX=yes
lt_cv_prog_compiler_pic_works=yes
lt_cv_prog_compiler_pic_works_CXX=yes
lt_cv_prog_compiler_rtti_exceptions=no
lt_cv_prog_compiler_static_works=no
lt_cv_prog_compiler_static_works_CXX=no
lt_cv_prog_gnu_ld=yes
lt_cv_prog_gnu_ldcxx=yes
lt_cv_sys_global_symbol_pipe='sed -n -e '\''s/^.*[	 ]\([ABCDGIRSTW][ABCDGIRSTW]*\)[	 ][	 ]*\([_A-Za-z][_A-Za-z0-9]*\)$/\1 \2 \2/p'\'''
lt_cv_sys_global_symbol_to_c_name_address='sed -n -e '\''s/^: \([^ ]*\) $/  {\"\1\", (void *) 0},/p'\'' -e '\''s/^[ABCDGIRSTW]* \([^ ]*\) \([^ ]*\)$/  {"\2", (void *) \&\2},/p'\'''
lt_cv_sys_global_symbol_to_c_name_address_lib_prefix='sed -n -e '\''s/^: \([^ ]*\) $/  {\"\1\", (void *) 0},/p'\'' -e '\''s/^[ABCDGIRSTW]* \([^ ]*\) \(lib[^ ]*\)$/  {"\2", (void *) \&\2},/p'\'' -e '\''s/^[ABCDGIRSTW]* \([^ ]*\) \([^ ]*\)$/  {"lib\2", (void *) \&\2},/p'\'''
lt_cv_sys_global_symbol_to_cdecl='sed -n -e '\''s/^T .* \(.*\)$/extern int \1();/p'\'' -e '\''s/^[ABCDGIRSTW]* .* \(.*\)$/extern char \1;/p'\'''
lt_cv_sys_max_cmd_len=1572864

## ----------------- ##
## Output variables. ##
## ----------------- ##

ACLOCAL='${SHELL} /c/Users/Admin/Documents/Docker/web/cgicc-3.2.9/support/missing --run aclocal-1.11'
AMDEPBACKSLASH='\'
AMDEP_FALSE='#'
AMDEP_TRUE=''
AMTAR='${SHELL} /c/Users/Admin/Documents/Docker/web/cgicc-3.2.9/support/missing --run tar'
AR='ar'
AUTOCONF='${SHELL} /c/Users/Admin/Documents/Docker/web/cgicc-3.2.9/support/missing --run autoconf'
AUTOHEADER='${SHELL} /c/Users/Admin/Documents/Docker/web/cgicc-3.2.9/support/missing --run autoheader'
AUTOMAKE='${SHELL} /c/Users/Admin/Documents/Docker/web/cgicc-3.2.9/support/missing --run automake-1.11'
AWK='gawk'
CC='gcc'
CCDEPMODE='depmode=gcc3'
CFLAGS='-g -O2'
CPP='gcc -E'
CPPFLAGS=''
CXX='g++'
CXXCPP='g++ -E'
CXXDEPMODE='depmode=gcc3'
CXXFLAGS='-Wall -W -pedantic -g -O2'
CYGPATH_W='echo'
DEFS='-DHAVE_CONFIG_H'
DEMOS_FALSE='#'
DEMOS_TRUE=''
DEMO_LIBS=''
DEPDIR='.deps'
DOXYGEN='/bin/echo'
DSYMUTIL=''
DUMPBIN=''
ECHO_C=''
ECHO_N='-n'
ECHO_T=''
EGREP='/usr/bin/grep -E'
EXEEXT=''
FCGI_DEMOS_FALSE=''
FCGI_DEMOS_TRUE='#'
FCGI_LIBS=''
FGREP='/usr/bin/grep -F'
GREP='/usr/bin/grep'
INSTALL_DATA='${INSTALL} -m 644'
INSTALL_PROGRAM='${INSTALL}'
INSTALL_SCRIPT='${INSTALL}'
INSTALL_STRIP_PROGRAM='$(install_sh) -c -s'
LD='/usr/bin/ld -m elf_x86_64'
LDFLAGS=''
LIBOBJS=''
LIBS=''
LIBTOOL='$(SHELL) $(top_builddir)/libtool'
LIB_NET='-lnsl'
LIPO=''
LN_S='ln -s'
LTLIBOBJS=''
MAKEINFO='${SHELL} /c/Users/Admin/Documents/Docker/web/cgicc-3.2.9/support/missing --run makeinfo'
MKDIR_P='/usr/bin/mkdir -p'
NM='/usr/bin/nm -B'
NMEDIT=''
OBJDUMP='objdump'
OBJEXT='o'
OTOOL64=''
OTOOL=''
PACKAGE='cgicc'
PACKAGE_BUGREPORT='bug-cgicc@gnu.org'
PACKAGE_NAME='cgicc'
PACKAGE_STRING='cgicc 3.2.9'
PACKAGE_TARNAME='cgicc'
PACKAGE_URL=''
PACKAGE_VERSION='3.2.9'
PATH_SEPARATOR=':'
RANLIB='ranlib'
SED='/usr/bin/sed'
SET_MAKE=''
SHELL='/bin/sh'
STRIP='strip'
VERSION='3.2.9'
ac_ct_CC='gcc'
ac_ct_CXX='g++'
ac_ct_DUMPBIN=''
am__EXEEXT_FALSE=''
am__EXEEXT_TRUE='#'
am__fastdepCC_FALSE='#'
am__fastdepCC_TRUE=''
am__fastdepCXX_FALSE='#'
am__fastdepCXX_TRUE=''
am__include='include'
am__isrc=''
am__leading_dot='.'
am__quote=''
am__tar='${AMTAR} chof - "$$tardir"'
am__untar='${AMTAR} xf -'
bindir='${exec_prefix}/bin'
build='x86_64-unknown-linux-gnu'
build_alias=''
build_cpu='x86_64'
build_os='linux-gnu'
build_vendor='unknown'
datadir='${datarootdir}'
datarootdir='${prefix}/share'
docdir='${datarootdir}/doc/${PACKAGE_TARNAME}'
dvidir='${docdir}'
exec_prefix='${prefix}'
host='x86_64-unknown-linux-gnu'
host_alias=''
host_cpu='x86_64'
host_os='linux-gnu'
host_vendor='unknown'
htmldir='${docdir}'
includedir='${prefix}/include'
infodir='${datarootdir}/info'
install_sh='${SHELL} /c/Users/Admin/Documents/Docker/web/cgicc-3.2.9/support/install-sh'
libdir='${exec_prefix}/lib'
libexecdir='${exec_prefix}/libexec'
localedir='${datarootdir}/locale'
localstatedir='${prefix}/var'
lt_ECHO='echo'
mandir='${datarootdir}/man'
mkdir_p='/usr/bin/mkdir -p'
oldincludedir='/usr/include'
pdfdir='${docdir}'
prefix='/c/Users/Admin/Documents/Docker/web/cgicc-3.2.9/ben'
program_transform_name='s,x,x,'
psdir='${docdir}'
sbindir='${exec_prefix}/sbin'
sharedstatedir='${prefix}/com'
sysconfdir='${prefix}/etc'
target_alias=''

## ----------- ##
## confdefs.h. ##
## ----------- ##

/* confdefs.h */
#define PACKAGE_NAME "cgicc"
#define PACKAGE_TARNAME "cgicc"
#define PACKAGE_VERSION "3.2.9"
#define PACKAGE_STRING "cgicc 3.2.9"
#define PACKAGE_BUGREPORT "bug-cgicc@gnu.org"
#define PACKAGE_URL ""
#define PACKAGE "cgicc"
#define VERSION "3.2.9"
#define STDC_HEADERS 1
#define HAVE_SYS_TYPES_H 1
#define HAVE_SYS_STAT_H 1
#define HAVE_STDLIB_H 1
#define HAVE_STRING_H 1
#define HAVE_MEMORY_H 1
#define HAVE_STRINGS_H 1
#define HAVE_INTTYPES_H 1
#define HAVE_STDINT_H 1
#define HAVE_UNISTD_H 1
#define HAVE_DLFCN_H 1
#define LT_OBJDIR ".libs/"
#define HAVE_SYS_TIME_H 1
#define HAVE_SYS_UTSNAME_H 1
#define HOST "x86_64-unknown-linux-gnu"
#define HAVE_NAMESPACES /**/
#define HAVE_STL /**/
#define HAVE_GETTIMEOFDAY 1
#define HAVE_UNAME 1

configure: exit 0
